#
# A fatal error has been detected by the Java Runtime Environment:
#
#  EXCEPTION_ACCESS_VIOLATION (0xc0000005) at pc=0x0000000066b20000, pid=18556, tid=19344
#
# JRE version: OpenJDK Runtime Environment (21.0.2+13) (build 21.0.2+13-58)
# Java VM: OpenJDK 64-Bit Server VM (21.0.2+13-58, mixed mode, sharing, tiered, compressed oops, compressed class ptrs, g1 gc, windows-amd64)
# Problematic frame:
# C  [gdx-box2d64.dll+0x20000]
#
# No core dump will be written. Minidumps are not enabled by default on client versions of Windows
#
# If you would like to submit a bug report, please visit:
#   https://bugreport.java.com/bugreport/crash.jsp
# The crash happened outside the Java Virtual Machine in native code.
# See problematic frame for where to report the bug.
#

---------------  S U M M A R Y ------------

Command Line: -Dfile.encoding=windows-1252 -Duser.country=US -Duser.language=en -Duser.variant main.com.kulikov.DesktopLauncher

Host: 12th Gen Intel(R) Core(TM) i5-12450H, 12 cores, 15G,  Windows 11 , 64 bit Build 22621 (10.0.22621.3527)
Time: Thu May 30 00:42:16 2024 Eastern Daylight Time elapsed time: 3.581557 seconds (0d 0h 0m 3s)

---------------  T H R E A D  ---------------

Current thread (0x00000212982e8610):  JavaThread "main"             [_thread_in_native, id=19344, stack(0x0000007103600000,0x0000007103700000) (1024K)]

Stack: [0x0000007103600000,0x0000007103700000],  sp=0x00000071036feee8,  free space=1019k
Native frames: (J=compiled Java code, j=interpreted, Vv=VM code, C=native code)
C  [gdx-box2d64.dll+0x20000]

Java frames: (J=compiled Java code, j=interpreted, Vv=VM code)
j  com.badlogic.gdx.physics.box2d.World.jniStep(JFII)V+0
j  com.badlogic.gdx.physics.box2d.World.step(FII)V+8
j  com.kirilkulikov.mariobros.Screens.PlayScreen.update(F)V+19
j  com.kirilkulikov.mariobros.Screens.PlayScreen.render(F)V+2
j  com.badlogic.gdx.Game.render()V+19
j  com.kirilkulikov.mariobros.MarioBros.render()V+1
j  com.badlogic.gdx.backends.lwjgl3.Lwjgl3Window.update()Z+187
j  com.badlogic.gdx.backends.lwjgl3.Lwjgl3Application.loop()V+111
j  com.badlogic.gdx.backends.lwjgl3.Lwjgl3Application.<init>(Lcom/badlogic/gdx/ApplicationListener;Lcom/badlogic/gdx/backends/lwjgl3/Lwjgl3ApplicationConfiguration;)V+269
j  main.com.kulikov.DesktopLauncher.main([Ljava/lang/String;)V+42
v  ~StubRoutines::call_stub 0x00000212a9f3100d

siginfo: EXCEPTION_ACCESS_VIOLATION (0xc0000005), writing address 0x0000021281c5cbd8


Registers:
RAX=0x0000000066b46700, RBX=0x00000212fb8d38a0, RCX=0x0000021281c438d0, RDX=0x00000071036fef10
RSP=0x00000071036feee8, RBP=0x00000071036ff008, RSI=0x0000000000000000, RDI=0x0000000000000001
R8 =0x0000021281c438d0, R9 =0x00000000000000de, R10=0x00000212a9f3cddc, R11=0x0000000000000102
R12=0x0000021281c438d0, R13=0x00000212fb8d38a0, R14=0x00000071036ff050, R15=0x00000212982e8610
RIP=0x0000000066b20000, EFLAGS=0x0000000000010206


Register to memory mapping:

RAX=0x0000000066b46700 gdx-box2d64.dll
RBX={method} {0x00000212fb8d38a8} 'jniStep' '(JFII)V' in 'com/badlogic/gdx/physics/box2d/World'
RCX=0x0000021281c438d0 points into unknown readable memory: 0x0000021281c985d0 | d0 85 c9 81 12 02 00 00
RDX=0x00000071036fef10 is pointing into the stack for thread: 0x00000212982e8610
RSP=0x00000071036feee8 is pointing into the stack for thread: 0x00000212982e8610
RBP=0x00000071036ff008 is pointing into the stack for thread: 0x00000212982e8610
RSI=0x0 is null
RDI=0x0000000000000001 is an unknown value
R8 =0x0000021281c438d0 points into unknown readable memory: 0x0000021281c985d0 | d0 85 c9 81 12 02 00 00
R9 =0x00000000000000de is an unknown value
R10=0x00000212a9f3cddc is at code_begin+1020 in an Interpreter codelet
native method entry point (kind = native)  [0x00000212a9f3c9e0, 0x00000212a9f3d508]  2856 bytes
R11=0x0000000000000102 is an unknown value
R12=0x0000021281c438d0 points into unknown readable memory: 0x0000021281c985d0 | d0 85 c9 81 12 02 00 00
R13={method} {0x00000212fb8d38a8} 'jniStep' '(JFII)V' in 'com/badlogic/gdx/physics/box2d/World'
R14=0x00000071036ff050 is pointing into the stack for thread: 0x00000212982e8610
R15=0x00000212982e8610 is a thread

Top of Stack: (sp=0x00000071036feee8)
0x00000071036feee8:   0000000066b263aa 00000212fb69a771
0x00000071036feef8:   0000000000000002 00000212fb69b208
0x00000071036fef08:   0000000000000000 0000000066b466a0
0x00000071036fef18:   00000212982e89c8 00000071036ff050
0x00000071036fef28:   00000071036fef40 0000000066b46700
0x00000071036fef38:   00000212982e89c8 00000071036ff050
0x00000071036fef48:   00000071036fef48 0000000000000000
0x00000071036fef58:   0000000000000000 0000000000000000
0x00000071036fef68:   00000212a9f3ce0b 0000000713203740
0x00000071036fef78:   00000212fb804fa8 0000000000000000
0x00000071036fef88:   00000071036fefa0 0000007100000006
0x00000071036fef98:   0000021200000002 00000007146b14c0
0x00000071036fefa8:   00000071036fefa8 00000212fb18ee7c
0x00000071036fefb8:   0000000000000002 00000071036fefc0
0x00000071036fefc8:   0000000000000000 0000000000000009
0x00000071036fefd8:   00000212fb8e44d8 0000000000000000
0x00000071036fefe8:   0000000714896c88 00000212fb8d38a0
0x00000071036feff8:   0000000000000000 00000071036ff028
0x00000071036ff008:   00000071036ff0a0 00000212a9f38846
0x00000071036ff018:   0000000000000000 00000212a9f3a397
0x00000071036ff028:   0000000000000002 0000000000000006
0x00000071036ff038:   000002123c888889 0000021281c438d0
0x00000071036ff048:   0000000000000000 00000007148c30f8
0x00000071036ff058:   00000071036ff058 00000212fb8d37d0
0x00000071036ff068:   0000000000000005 00000212fb8e44d8
0x00000071036ff078:   0000000000000000 0000000714896c88
0x00000071036ff088:   00000212fb8d3810 00000071036ff028
0x00000071036ff098:   00000071036ff0b0 00000071036ff118
0x00000071036ff0a8:   00000212a9f38846 0000000000000002
0x00000071036ff0b8:   0000000000000006 000000003c888889
0x00000071036ff0c8:   00000007148c30f8 00000071036ff0d0
0x00000071036ff0d8:   00000212fb88f9e3 0000000000000005 

Instructions: (pc=0x0000000066b20000)
0x0000000066b1ff00:   89 a4 24 18 93 01 00 49 c7 84 24 60 93 01 00 00
0x0000000066b1ff10:   00 00 00 49 c7 84 24 68 93 01 00 00 00 00 00 49
0x0000000066b1ff20:   c7 84 24 70 93 01 00 00 00 00 00 49 c7 84 24 78
0x0000000066b1ff30:   93 01 00 00 00 00 00 48 83 c4 20 5b 41 5c 41 5d
0x0000000066b1ff40:   c3 49 89 c5 4c 89 e1 e8 24 ae fe ff 4c 89 e9 e8
0x0000000066b1ff50:   7c 37 01 00 48 89 c3 4c 89 e9 e8 91 b7 fe ff 49
0x0000000066b1ff60:   89 dd eb e0 66 66 2e 0f 1f 84 00 00 00 00 00 90
0x0000000066b1ff70:   41 54 56 53 48 83 ec 20 48 8b b1 20 93 01 00 49
0x0000000066b1ff80:   89 cc 48 85 f6 74 39 48 89 f0 48 8b 76 68 48 8b
0x0000000066b1ff90:   58 70 48 85 db 74 eb 66 0f 1f 84 00 00 00 00 00
0x0000000066b1ffa0:   48 89 d9 48 8b 5b 08 4c 89 e2 c7 41 30 00 00 00
0x0000000066b1ffb0:   00 e8 5a e8 ff ff 48 85 db 75 e5 48 85 f6 75 c7
0x0000000066b1ffc0:   49 8d 8c 24 a0 92 01 00 e8 93 35 fe ff 49 8d 8c
0x0000000066b1ffd0:   24 80 00 00 00 e8 16 b7 fe ff 4c 89 e1 48 83 c4
0x0000000066b1ffe0:   20 5b 5e 41 5c e9 86 ad fe ff 66 0f 1f 44 00 00
0x0000000066b1fff0:   48 89 91 48 93 01 00 c3 0f 1f 84 00 00 00 00 00
0x0000000066b20000:   48 89 91 08 93 01 00 c3 0f 1f 84 00 00 00 00 00
0x0000000066b20010:   48 89 91 10 93 01 00 c3 0f 1f 84 00 00 00 00 00
0x0000000066b20020:   48 89 91 50 93 01 00 c3 0f 1f 84 00 00 00 00 00
0x0000000066b20030:   41 55 41 54 53 48 83 ec 20 48 89 cb 49 89 d5 f6
0x0000000066b20040:   81 98 92 01 00 02 75 58 ba b8 00 00 00 48 89 d9
0x0000000066b20050:   e8 6b ad fe ff 49 89 d8 4c 89 ea 49 89 c4 48 89
0x0000000066b20060:   c1 e8 4a cf ff ff 49 c7 44 24 60 00 00 00 00 48
0x0000000066b20070:   8b 83 20 93 01 00 49 89 44 24 68 48 85 c0 74 04
0x0000000066b20080:   4c 89 60 60 83 83 30 93 01 00 01 4c 89 e0 4c 89
0x0000000066b20090:   a3 20 93 01 00 48 83 c4 20 5b 41 5c 41 5d c3 90
0x0000000066b200a0:   41 b8 6d 00 00 00 48 8d 15 73 26 02 00 48 8d 0d
0x0000000066b200b0:   ca 26 02 00 45 31 e4 ff 15 f7 62 03 00 f6 83 98
0x0000000066b200c0:   92 01 00 02 74 82 4c 89 e0 48 83 c4 20 5b 41 5c
0x0000000066b200d0:   41 5d c3 90 66 66 2e 0f 1f 84 00 00 00 00 00 90
0x0000000066b200e0:   56 53 48 83 ec 28 48 89 cb 48 89 d6 f6 81 98 92
0x0000000066b200f0:   01 00 02 0f 85 e7 00 00 00 48 89 da 48 89 f1 e8 


Stack slot to memory mapping:

stack at sp + 0 slots: 0x0000000066b263aa gdx-box2d64.dll
stack at sp + 1 slots: 0x00000212fb69a771 is pointing into metadata
stack at sp + 2 slots: 0x0000000000000002 is an unknown value
stack at sp + 3 slots: 0x00000212fb69b208 is pointing into metadata
stack at sp + 4 slots: 0x0 is null
stack at sp + 5 slots: 0x0000000066b466a0 gdx-box2d64.dll
stack at sp + 6 slots: 0x00000212982e89c8 points into unknown readable memory: 0x00000212ff2e0d00 | 00 0d 2e ff 12 02 00 00
stack at sp + 7 slots: 0x00000071036ff050 is pointing into the stack for thread: 0x00000212982e8610


---------------  P R O C E S S  ---------------

Threads class SMR info:
_java_thread_list=0x0000021287ab74b0, length=14, elements={
0x00000212982e8610, 0x00000212b9a4e8c0, 0x00000212b9a4f990, 0x00000212b9a51ca0,
0x00000212b9a54f00, 0x00000212b9a55c40, 0x00000212b9a59e80, 0x00000212b9a650c0,
0x00000212b9a66ca0, 0x00000212b9cc1910, 0x00000212b9cef930, 0x00000212ff762260,
0x00000212816965b0, 0x00000212818d0120
}

Java Threads: ( => current thread )
=>0x00000212982e8610 JavaThread "main"                              [_thread_in_native, id=19344, stack(0x0000007103600000,0x0000007103700000) (1024K)]
  0x00000212b9a4e8c0 JavaThread "Reference Handler"          daemon [_thread_blocked, id=4156, stack(0x0000007103e00000,0x0000007103f00000) (1024K)]
  0x00000212b9a4f990 JavaThread "Finalizer"                  daemon [_thread_blocked, id=15352, stack(0x0000007103f00000,0x0000007104000000) (1024K)]
  0x00000212b9a51ca0 JavaThread "Signal Dispatcher"          daemon [_thread_blocked, id=13916, stack(0x0000007104000000,0x0000007104100000) (1024K)]
  0x00000212b9a54f00 JavaThread "Attach Listener"            daemon [_thread_blocked, id=11676, stack(0x0000007104100000,0x0000007104200000) (1024K)]
  0x00000212b9a55c40 JavaThread "Service Thread"             daemon [_thread_blocked, id=8252, stack(0x0000007104200000,0x0000007104300000) (1024K)]
  0x00000212b9a59e80 JavaThread "Monitor Deflation Thread"   daemon [_thread_blocked, id=15644, stack(0x0000007104300000,0x0000007104400000) (1024K)]
  0x00000212b9a650c0 JavaThread "C2 CompilerThread0"         daemon [_thread_blocked, id=18312, stack(0x0000007104400000,0x0000007104500000) (1024K)]
  0x00000212b9a66ca0 JavaThread "C1 CompilerThread0"         daemon [_thread_blocked, id=14132, stack(0x0000007104500000,0x0000007104600000) (1024K)]
  0x00000212b9cc1910 JavaThread "Notification Thread"        daemon [_thread_blocked, id=19680, stack(0x0000007104600000,0x0000007104700000) (1024K)]
  0x00000212b9cef930 JavaThread "Common-Cleaner"             daemon [_thread_blocked, id=10052, stack(0x0000007104700000,0x0000007104800000) (1024K)]
  0x00000212ff762260 JavaThread "Thread-0"                   daemon [_thread_blocked, id=12668, stack(0x0000007104800000,0x0000007104900000) (1024K)]
  0x00000212816965b0 JavaThread "AssetManager"               daemon [_thread_blocked, id=20248, stack(0x0000007105400000,0x0000007105500000) (1024K)]
  0x00000212818d0120 JavaThread "LWJGL3 Timer"               daemon [_thread_blocked, id=4080, stack(0x0000007105700000,0x0000007105800000) (1024K)]
Total: 14

Other Threads:
  0x00000212b9a30a60 VMThread "VM Thread"                           [id=19084, stack(0x0000007103d00000,0x0000007103e00000) (1024K)]
  0x00000212b9a16f00 WatcherThread "VM Periodic Task Thread"        [id=8184, stack(0x0000007103c00000,0x0000007103d00000) (1024K)]
  0x000002129a618de0 WorkerThread "GC Thread#0"                     [id=4100, stack(0x0000007103700000,0x0000007103800000) (1024K)]
  0x0000021281aae390 WorkerThread "GC Thread#1"                     [id=12784, stack(0x0000007105600000,0x0000007105700000) (1024K)]
  0x0000021287a64260 WorkerThread "GC Thread#2"                     [id=4580, stack(0x0000007105800000,0x0000007105900000) (1024K)]
  0x00000212818c2c00 WorkerThread "GC Thread#3"                     [id=7548, stack(0x0000007105900000,0x0000007105a00000) (1024K)]
  0x0000021287d2f190 WorkerThread "GC Thread#4"                     [id=13600, stack(0x0000007105a00000,0x0000007105b00000) (1024K)]
  0x0000021287d303b0 WorkerThread "GC Thread#5"                     [id=12092, stack(0x0000007105b00000,0x0000007105c00000) (1024K)]
  0x0000021287d2fc70 WorkerThread "GC Thread#6"                     [id=5868, stack(0x0000007105c00000,0x0000007105d00000) (1024K)]
  0x0000021287d2f530 WorkerThread "GC Thread#7"                     [id=12844, stack(0x0000007105d00000,0x0000007105e00000) (1024K)]
  0x0000021287d30010 WorkerThread "GC Thread#8"                     [id=12692, stack(0x0000007105e00000,0x0000007105f00000) (1024K)]
  0x000002129a62a290 ConcurrentGCThread "G1 Main Marker"            [id=18448, stack(0x0000007103800000,0x0000007103900000) (1024K)]
  0x000002129a62b530 WorkerThread "G1 Conc#0"                       [id=5448, stack(0x0000007103900000,0x0000007103a00000) (1024K)]
  0x00000212b98e7dc0 ConcurrentGCThread "G1 Refine#0"               [id=15528, stack(0x0000007103a00000,0x0000007103b00000) (1024K)]
  0x00000212b98e8540 ConcurrentGCThread "G1 Service"                [id=11140, stack(0x0000007103b00000,0x0000007103c00000) (1024K)]
Total: 15

Threads with active compile tasks:
Total: 0

VM state: not at safepoint (normal execution)

VM Mutex/Monitor currently owned by a thread: None

Heap address: 0x0000000704e00000, size: 4018 MB, Compressed Oops mode: Zero based, Oop shift amount: 3

CDS archive(s) mapped at: [0x00000212ba000000-0x00000212bac90000-0x00000212bac90000), size 13172736, SharedBaseAddress: 0x00000212ba000000, ArchiveRelocationMode: 1.
Compressed class space mapped at: 0x00000212bb000000-0x00000212fb000000, reserved size: 1073741824
Narrow klass base: 0x00000212ba000000, Narrow klass shift: 0, Narrow klass range: 0x100000000

GC Precious Log:
 CardTable entry size: 512
 Card Set container configuration: InlinePtr #cards 4 size 8 Array Of Cards #cards 16 size 48 Howl #buckets 8 coarsen threshold 3686 Howl Bitmap #cards 512 size 80 coarsen threshold 460 Card regions per heap region 1 cards per card region 4096
 CPUs: 12 total, 12 available
 Memory: 16070M
 Large Page Support: Disabled
 NUMA Support: Disabled
 Compressed Oops: Enabled (Zero based)
 Heap Region Size: 2M
 Heap Min Capacity: 8M
 Heap Initial Capacity: 252M
 Heap Max Capacity: 4018M
 Pre-touch: Disabled
 Parallel Workers: 10
 Concurrent Workers: 3
 Concurrent Refinement Workers: 10
 Periodic GC: Disabled

Heap:
 garbage-first heap   total 258048K, used 5822K [0x0000000704e00000, 0x0000000800000000)
  region size 2048K, 4 young (8192K), 2 survivors (4096K)
 Metaspace       used 8104K, committed 8320K, reserved 1114112K
  class space    used 622K, committed 704K, reserved 1048576K

Heap Regions: E=young(eden), S=young(survivor), O=old, HS=humongous(starts), HC=humongous(continues), CS=collection set, F=free, TAMS=top-at-mark-start, PB=parsable bottom
|   0|0x0000000704e00000, 0x0000000704e00000, 0x0000000705000000|  0%| F|  |TAMS 0x0000000704e00000| PB 0x0000000704e00000| Untracked 
|   1|0x0000000705000000, 0x0000000705000000, 0x0000000705200000|  0%| F|  |TAMS 0x0000000705000000| PB 0x0000000705000000| Untracked 
|   2|0x0000000705200000, 0x0000000705200000, 0x0000000705400000|  0%| F|  |TAMS 0x0000000705200000| PB 0x0000000705200000| Untracked 
|   3|0x0000000705400000, 0x0000000705400000, 0x0000000705600000|  0%| F|  |TAMS 0x0000000705400000| PB 0x0000000705400000| Untracked 
|   4|0x0000000705600000, 0x0000000705600000, 0x0000000705800000|  0%| F|  |TAMS 0x0000000705600000| PB 0x0000000705600000| Untracked 
|   5|0x0000000705800000, 0x0000000705800000, 0x0000000705a00000|  0%| F|  |TAMS 0x0000000705800000| PB 0x0000000705800000| Untracked 
|   6|0x0000000705a00000, 0x0000000705a00000, 0x0000000705c00000|  0%| F|  |TAMS 0x0000000705a00000| PB 0x0000000705a00000| Untracked 
|   7|0x0000000705c00000, 0x0000000705c00000, 0x0000000705e00000|  0%| F|  |TAMS 0x0000000705c00000| PB 0x0000000705c00000| Untracked 
|   8|0x0000000705e00000, 0x0000000705e00000, 0x0000000706000000|  0%| F|  |TAMS 0x0000000705e00000| PB 0x0000000705e00000| Untracked 
|   9|0x0000000706000000, 0x0000000706000000, 0x0000000706200000|  0%| F|  |TAMS 0x0000000706000000| PB 0x0000000706000000| Untracked 
|  10|0x0000000706200000, 0x0000000706200000, 0x0000000706400000|  0%| F|  |TAMS 0x0000000706200000| PB 0x0000000706200000| Untracked 
|  11|0x0000000706400000, 0x0000000706400000, 0x0000000706600000|  0%| F|  |TAMS 0x0000000706400000| PB 0x0000000706400000| Untracked 
|  12|0x0000000706600000, 0x0000000706600000, 0x0000000706800000|  0%| F|  |TAMS 0x0000000706600000| PB 0x0000000706600000| Untracked 
|  13|0x0000000706800000, 0x0000000706800000, 0x0000000706a00000|  0%| F|  |TAMS 0x0000000706800000| PB 0x0000000706800000| Untracked 
|  14|0x0000000706a00000, 0x0000000706a00000, 0x0000000706c00000|  0%| F|  |TAMS 0x0000000706a00000| PB 0x0000000706a00000| Untracked 
|  15|0x0000000706c00000, 0x0000000706c00000, 0x0000000706e00000|  0%| F|  |TAMS 0x0000000706c00000| PB 0x0000000706c00000| Untracked 
|  16|0x0000000706e00000, 0x0000000706e00000, 0x0000000707000000|  0%| F|  |TAMS 0x0000000706e00000| PB 0x0000000706e00000| Untracked 
|  17|0x0000000707000000, 0x0000000707000000, 0x0000000707200000|  0%| F|  |TAMS 0x0000000707000000| PB 0x0000000707000000| Untracked 
|  18|0x0000000707200000, 0x0000000707200000, 0x0000000707400000|  0%| F|  |TAMS 0x0000000707200000| PB 0x0000000707200000| Untracked 
|  19|0x0000000707400000, 0x0000000707400000, 0x0000000707600000|  0%| F|  |TAMS 0x0000000707400000| PB 0x0000000707400000| Untracked 
|  20|0x0000000707600000, 0x0000000707600000, 0x0000000707800000|  0%| F|  |TAMS 0x0000000707600000| PB 0x0000000707600000| Untracked 
|  21|0x0000000707800000, 0x0000000707800000, 0x0000000707a00000|  0%| F|  |TAMS 0x0000000707800000| PB 0x0000000707800000| Untracked 
|  22|0x0000000707a00000, 0x0000000707a00000, 0x0000000707c00000|  0%| F|  |TAMS 0x0000000707a00000| PB 0x0000000707a00000| Untracked 
|  23|0x0000000707c00000, 0x0000000707c00000, 0x0000000707e00000|  0%| F|  |TAMS 0x0000000707c00000| PB 0x0000000707c00000| Untracked 
|  24|0x0000000707e00000, 0x0000000707e00000, 0x0000000708000000|  0%| F|  |TAMS 0x0000000707e00000| PB 0x0000000707e00000| Untracked 
|  25|0x0000000708000000, 0x0000000708000000, 0x0000000708200000|  0%| F|  |TAMS 0x0000000708000000| PB 0x0000000708000000| Untracked 
|  26|0x0000000708200000, 0x0000000708200000, 0x0000000708400000|  0%| F|  |TAMS 0x0000000708200000| PB 0x0000000708200000| Untracked 
|  27|0x0000000708400000, 0x0000000708400000, 0x0000000708600000|  0%| F|  |TAMS 0x0000000708400000| PB 0x0000000708400000| Untracked 
|  28|0x0000000708600000, 0x0000000708600000, 0x0000000708800000|  0%| F|  |TAMS 0x0000000708600000| PB 0x0000000708600000| Untracked 
|  29|0x0000000708800000, 0x0000000708800000, 0x0000000708a00000|  0%| F|  |TAMS 0x0000000708800000| PB 0x0000000708800000| Untracked 
|  30|0x0000000708a00000, 0x0000000708a00000, 0x0000000708c00000|  0%| F|  |TAMS 0x0000000708a00000| PB 0x0000000708a00000| Untracked 
|  31|0x0000000708c00000, 0x0000000708c00000, 0x0000000708e00000|  0%| F|  |TAMS 0x0000000708c00000| PB 0x0000000708c00000| Untracked 
|  32|0x0000000708e00000, 0x0000000708e00000, 0x0000000709000000|  0%| F|  |TAMS 0x0000000708e00000| PB 0x0000000708e00000| Untracked 
|  33|0x0000000709000000, 0x0000000709000000, 0x0000000709200000|  0%| F|  |TAMS 0x0000000709000000| PB 0x0000000709000000| Untracked 
|  34|0x0000000709200000, 0x0000000709200000, 0x0000000709400000|  0%| F|  |TAMS 0x0000000709200000| PB 0x0000000709200000| Untracked 
|  35|0x0000000709400000, 0x0000000709400000, 0x0000000709600000|  0%| F|  |TAMS 0x0000000709400000| PB 0x0000000709400000| Untracked 
|  36|0x0000000709600000, 0x0000000709600000, 0x0000000709800000|  0%| F|  |TAMS 0x0000000709600000| PB 0x0000000709600000| Untracked 
|  37|0x0000000709800000, 0x0000000709800000, 0x0000000709a00000|  0%| F|  |TAMS 0x0000000709800000| PB 0x0000000709800000| Untracked 
|  38|0x0000000709a00000, 0x0000000709a00000, 0x0000000709c00000|  0%| F|  |TAMS 0x0000000709a00000| PB 0x0000000709a00000| Untracked 
|  39|0x0000000709c00000, 0x0000000709c00000, 0x0000000709e00000|  0%| F|  |TAMS 0x0000000709c00000| PB 0x0000000709c00000| Untracked 
|  40|0x0000000709e00000, 0x0000000709e00000, 0x000000070a000000|  0%| F|  |TAMS 0x0000000709e00000| PB 0x0000000709e00000| Untracked 
|  41|0x000000070a000000, 0x000000070a000000, 0x000000070a200000|  0%| F|  |TAMS 0x000000070a000000| PB 0x000000070a000000| Untracked 
|  42|0x000000070a200000, 0x000000070a200000, 0x000000070a400000|  0%| F|  |TAMS 0x000000070a200000| PB 0x000000070a200000| Untracked 
|  43|0x000000070a400000, 0x000000070a400000, 0x000000070a600000|  0%| F|  |TAMS 0x000000070a400000| PB 0x000000070a400000| Untracked 
|  44|0x000000070a600000, 0x000000070a600000, 0x000000070a800000|  0%| F|  |TAMS 0x000000070a600000| PB 0x000000070a600000| Untracked 
|  45|0x000000070a800000, 0x000000070a800000, 0x000000070aa00000|  0%| F|  |TAMS 0x000000070a800000| PB 0x000000070a800000| Untracked 
|  46|0x000000070aa00000, 0x000000070aa00000, 0x000000070ac00000|  0%| F|  |TAMS 0x000000070aa00000| PB 0x000000070aa00000| Untracked 
|  47|0x000000070ac00000, 0x000000070ac00000, 0x000000070ae00000|  0%| F|  |TAMS 0x000000070ac00000| PB 0x000000070ac00000| Untracked 
|  48|0x000000070ae00000, 0x000000070ae00000, 0x000000070b000000|  0%| F|  |TAMS 0x000000070ae00000| PB 0x000000070ae00000| Untracked 
|  49|0x000000070b000000, 0x000000070b000000, 0x000000070b200000|  0%| F|  |TAMS 0x000000070b000000| PB 0x000000070b000000| Untracked 
|  50|0x000000070b200000, 0x000000070b200000, 0x000000070b400000|  0%| F|  |TAMS 0x000000070b200000| PB 0x000000070b200000| Untracked 
|  51|0x000000070b400000, 0x000000070b400000, 0x000000070b600000|  0%| F|  |TAMS 0x000000070b400000| PB 0x000000070b400000| Untracked 
|  52|0x000000070b600000, 0x000000070b600000, 0x000000070b800000|  0%| F|  |TAMS 0x000000070b600000| PB 0x000000070b600000| Untracked 
|  53|0x000000070b800000, 0x000000070b800000, 0x000000070ba00000|  0%| F|  |TAMS 0x000000070b800000| PB 0x000000070b800000| Untracked 
|  54|0x000000070ba00000, 0x000000070ba00000, 0x000000070bc00000|  0%| F|  |TAMS 0x000000070ba00000| PB 0x000000070ba00000| Untracked 
|  55|0x000000070bc00000, 0x000000070bc00000, 0x000000070be00000|  0%| F|  |TAMS 0x000000070bc00000| PB 0x000000070bc00000| Untracked 
|  56|0x000000070be00000, 0x000000070be00000, 0x000000070c000000|  0%| F|  |TAMS 0x000000070be00000| PB 0x000000070be00000| Untracked 
|  57|0x000000070c000000, 0x000000070c000000, 0x000000070c200000|  0%| F|  |TAMS 0x000000070c000000| PB 0x000000070c000000| Untracked 
|  58|0x000000070c200000, 0x000000070c200000, 0x000000070c400000|  0%| F|  |TAMS 0x000000070c200000| PB 0x000000070c200000| Untracked 
|  59|0x000000070c400000, 0x000000070c400000, 0x000000070c600000|  0%| F|  |TAMS 0x000000070c400000| PB 0x000000070c400000| Untracked 
|  60|0x000000070c600000, 0x000000070c600000, 0x000000070c800000|  0%| F|  |TAMS 0x000000070c600000| PB 0x000000070c600000| Untracked 
|  61|0x000000070c800000, 0x000000070c800000, 0x000000070ca00000|  0%| F|  |TAMS 0x000000070c800000| PB 0x000000070c800000| Untracked 
|  62|0x000000070ca00000, 0x000000070ca00000, 0x000000070cc00000|  0%| F|  |TAMS 0x000000070ca00000| PB 0x000000070ca00000| Untracked 
|  63|0x000000070cc00000, 0x000000070cc00000, 0x000000070ce00000|  0%| F|  |TAMS 0x000000070cc00000| PB 0x000000070cc00000| Untracked 
|  64|0x000000070ce00000, 0x000000070ce00000, 0x000000070d000000|  0%| F|  |TAMS 0x000000070ce00000| PB 0x000000070ce00000| Untracked 
|  65|0x000000070d000000, 0x000000070d000000, 0x000000070d200000|  0%| F|  |TAMS 0x000000070d000000| PB 0x000000070d000000| Untracked 
|  66|0x000000070d200000, 0x000000070d200000, 0x000000070d400000|  0%| F|  |TAMS 0x000000070d200000| PB 0x000000070d200000| Untracked 
|  67|0x000000070d400000, 0x000000070d400000, 0x000000070d600000|  0%| F|  |TAMS 0x000000070d400000| PB 0x000000070d400000| Untracked 
|  68|0x000000070d600000, 0x000000070d600000, 0x000000070d800000|  0%| F|  |TAMS 0x000000070d600000| PB 0x000000070d600000| Untracked 
|  69|0x000000070d800000, 0x000000070d800000, 0x000000070da00000|  0%| F|  |TAMS 0x000000070d800000| PB 0x000000070d800000| Untracked 
|  70|0x000000070da00000, 0x000000070da00000, 0x000000070dc00000|  0%| F|  |TAMS 0x000000070da00000| PB 0x000000070da00000| Untracked 
|  71|0x000000070dc00000, 0x000000070dc00000, 0x000000070de00000|  0%| F|  |TAMS 0x000000070dc00000| PB 0x000000070dc00000| Untracked 
|  72|0x000000070de00000, 0x000000070de00000, 0x000000070e000000|  0%| F|  |TAMS 0x000000070de00000| PB 0x000000070de00000| Untracked 
|  73|0x000000070e000000, 0x000000070e000000, 0x000000070e200000|  0%| F|  |TAMS 0x000000070e000000| PB 0x000000070e000000| Untracked 
|  74|0x000000070e200000, 0x000000070e200000, 0x000000070e400000|  0%| F|  |TAMS 0x000000070e200000| PB 0x000000070e200000| Untracked 
|  75|0x000000070e400000, 0x000000070e400000, 0x000000070e600000|  0%| F|  |TAMS 0x000000070e400000| PB 0x000000070e400000| Untracked 
|  76|0x000000070e600000, 0x000000070e600000, 0x000000070e800000|  0%| F|  |TAMS 0x000000070e600000| PB 0x000000070e600000| Untracked 
|  77|0x000000070e800000, 0x000000070e800000, 0x000000070ea00000|  0%| F|  |TAMS 0x000000070e800000| PB 0x000000070e800000| Untracked 
|  78|0x000000070ea00000, 0x000000070ea00000, 0x000000070ec00000|  0%| F|  |TAMS 0x000000070ea00000| PB 0x000000070ea00000| Untracked 
|  79|0x000000070ec00000, 0x000000070ec00000, 0x000000070ee00000|  0%| F|  |TAMS 0x000000070ec00000| PB 0x000000070ec00000| Untracked 
|  80|0x000000070ee00000, 0x000000070ee00000, 0x000000070f000000|  0%| F|  |TAMS 0x000000070ee00000| PB 0x000000070ee00000| Untracked 
|  81|0x000000070f000000, 0x000000070f000000, 0x000000070f200000|  0%| F|  |TAMS 0x000000070f000000| PB 0x000000070f000000| Untracked 
|  82|0x000000070f200000, 0x000000070f200000, 0x000000070f400000|  0%| F|  |TAMS 0x000000070f200000| PB 0x000000070f200000| Untracked 
|  83|0x000000070f400000, 0x000000070f400000, 0x000000070f600000|  0%| F|  |TAMS 0x000000070f400000| PB 0x000000070f400000| Untracked 
|  84|0x000000070f600000, 0x000000070f600000, 0x000000070f800000|  0%| F|  |TAMS 0x000000070f600000| PB 0x000000070f600000| Untracked 
|  85|0x000000070f800000, 0x000000070f800000, 0x000000070fa00000|  0%| F|  |TAMS 0x000000070f800000| PB 0x000000070f800000| Untracked 
|  86|0x000000070fa00000, 0x000000070fa00000, 0x000000070fc00000|  0%| F|  |TAMS 0x000000070fa00000| PB 0x000000070fa00000| Untracked 
|  87|0x000000070fc00000, 0x000000070fc00000, 0x000000070fe00000|  0%| F|  |TAMS 0x000000070fc00000| PB 0x000000070fc00000| Untracked 
|  88|0x000000070fe00000, 0x000000070fe00000, 0x0000000710000000|  0%| F|  |TAMS 0x000000070fe00000| PB 0x000000070fe00000| Untracked 
|  89|0x0000000710000000, 0x0000000710000000, 0x0000000710200000|  0%| F|  |TAMS 0x0000000710000000| PB 0x0000000710000000| Untracked 
|  90|0x0000000710200000, 0x0000000710200000, 0x0000000710400000|  0%| F|  |TAMS 0x0000000710200000| PB 0x0000000710200000| Untracked 
|  91|0x0000000710400000, 0x0000000710400000, 0x0000000710600000|  0%| F|  |TAMS 0x0000000710400000| PB 0x0000000710400000| Untracked 
|  92|0x0000000710600000, 0x0000000710600000, 0x0000000710800000|  0%| F|  |TAMS 0x0000000710600000| PB 0x0000000710600000| Untracked 
|  93|0x0000000710800000, 0x0000000710800000, 0x0000000710a00000|  0%| F|  |TAMS 0x0000000710800000| PB 0x0000000710800000| Untracked 
|  94|0x0000000710a00000, 0x0000000710a00000, 0x0000000710c00000|  0%| F|  |TAMS 0x0000000710a00000| PB 0x0000000710a00000| Untracked 
|  95|0x0000000710c00000, 0x0000000710c00000, 0x0000000710e00000|  0%| F|  |TAMS 0x0000000710c00000| PB 0x0000000710c00000| Untracked 
|  96|0x0000000710e00000, 0x0000000710e00000, 0x0000000711000000|  0%| F|  |TAMS 0x0000000710e00000| PB 0x0000000710e00000| Untracked 
|  97|0x0000000711000000, 0x0000000711000000, 0x0000000711200000|  0%| F|  |TAMS 0x0000000711000000| PB 0x0000000711000000| Untracked 
|  98|0x0000000711200000, 0x0000000711200000, 0x0000000711400000|  0%| F|  |TAMS 0x0000000711200000| PB 0x0000000711200000| Untracked 
|  99|0x0000000711400000, 0x0000000711400000, 0x0000000711600000|  0%| F|  |TAMS 0x0000000711400000| PB 0x0000000711400000| Untracked 
| 100|0x0000000711600000, 0x0000000711600000, 0x0000000711800000|  0%| F|  |TAMS 0x0000000711600000| PB 0x0000000711600000| Untracked 
| 101|0x0000000711800000, 0x0000000711800000, 0x0000000711a00000|  0%| F|  |TAMS 0x0000000711800000| PB 0x0000000711800000| Untracked 
| 102|0x0000000711a00000, 0x0000000711a00000, 0x0000000711c00000|  0%| F|  |TAMS 0x0000000711a00000| PB 0x0000000711a00000| Untracked 
| 103|0x0000000711c00000, 0x0000000711c00000, 0x0000000711e00000|  0%| F|  |TAMS 0x0000000711c00000| PB 0x0000000711c00000| Untracked 
| 104|0x0000000711e00000, 0x0000000711e00000, 0x0000000712000000|  0%| F|  |TAMS 0x0000000711e00000| PB 0x0000000711e00000| Untracked 
| 105|0x0000000712000000, 0x0000000712000000, 0x0000000712200000|  0%| F|  |TAMS 0x0000000712000000| PB 0x0000000712000000| Untracked 
| 106|0x0000000712200000, 0x0000000712200000, 0x0000000712400000|  0%| F|  |TAMS 0x0000000712200000| PB 0x0000000712200000| Untracked 
| 107|0x0000000712400000, 0x0000000712400000, 0x0000000712600000|  0%| F|  |TAMS 0x0000000712400000| PB 0x0000000712400000| Untracked 
| 108|0x0000000712600000, 0x0000000712600000, 0x0000000712800000|  0%| F|  |TAMS 0x0000000712600000| PB 0x0000000712600000| Untracked 
| 109|0x0000000712800000, 0x0000000712800000, 0x0000000712a00000|  0%| F|  |TAMS 0x0000000712800000| PB 0x0000000712800000| Untracked 
| 110|0x0000000712a00000, 0x0000000712a00000, 0x0000000712c00000|  0%| F|  |TAMS 0x0000000712a00000| PB 0x0000000712a00000| Untracked 
| 111|0x0000000712c00000, 0x0000000712c00000, 0x0000000712e00000|  0%| F|  |TAMS 0x0000000712c00000| PB 0x0000000712c00000| Untracked 
| 112|0x0000000712e00000, 0x0000000712e00000, 0x0000000713000000|  0%| F|  |TAMS 0x0000000712e00000| PB 0x0000000712e00000| Untracked 
| 113|0x0000000713000000, 0x00000007131afb80, 0x0000000713200000| 84%| S|CS|TAMS 0x0000000713000000| PB 0x0000000713000000| Complete 
| 114|0x0000000713200000, 0x0000000713400000, 0x0000000713400000|100%| S|CS|TAMS 0x0000000713200000| PB 0x0000000713200000| Complete 
| 115|0x0000000713400000, 0x0000000713400000, 0x0000000713600000|  0%| F|  |TAMS 0x0000000713400000| PB 0x0000000713400000| Untracked 
| 116|0x0000000713600000, 0x0000000713600000, 0x0000000713800000|  0%| F|  |TAMS 0x0000000713600000| PB 0x0000000713600000| Untracked 
| 117|0x0000000713800000, 0x0000000713800000, 0x0000000713a00000|  0%| F|  |TAMS 0x0000000713800000| PB 0x0000000713800000| Untracked 
| 118|0x0000000713a00000, 0x0000000713a00000, 0x0000000713c00000|  0%| F|  |TAMS 0x0000000713a00000| PB 0x0000000713a00000| Untracked 
| 119|0x0000000713c00000, 0x0000000713c00000, 0x0000000713e00000|  0%| F|  |TAMS 0x0000000713c00000| PB 0x0000000713c00000| Untracked 
| 120|0x0000000713e00000, 0x0000000713e00000, 0x0000000714000000|  0%| F|  |TAMS 0x0000000713e00000| PB 0x0000000713e00000| Untracked 
| 121|0x0000000714000000, 0x0000000714000000, 0x0000000714200000|  0%| F|  |TAMS 0x0000000714000000| PB 0x0000000714000000| Untracked 
| 122|0x0000000714200000, 0x0000000714200000, 0x0000000714400000|  0%| F|  |TAMS 0x0000000714200000| PB 0x0000000714200000| Untracked 
| 123|0x0000000714400000, 0x0000000714400000, 0x0000000714600000|  0%| F|  |TAMS 0x0000000714400000| PB 0x0000000714400000| Untracked 
| 124|0x0000000714600000, 0x00000007147a2898, 0x0000000714800000| 81%| E|  |TAMS 0x0000000714600000| PB 0x0000000714600000| Complete 
| 125|0x0000000714800000, 0x0000000714a00000, 0x0000000714a00000|100%| E|CS|TAMS 0x0000000714800000| PB 0x0000000714800000| Complete 

Card table byte_map: [0x00000212b2740000,0x00000212b2f20000] _byte_map_base: 0x00000212aef19000

Marking Bits: (CMBitMap*) 0x000002129a6194e0
 Bits: [0x00000212b2f20000, 0x00000212b6de8000)

Polling page: 0x0000021298510000

Metaspace:

Usage:
  Non-class:      7.31 MB used.
      Class:    622.46 KB used.
       Both:      7.91 MB used.

Virtual space:
  Non-class space:       64.00 MB reserved,       7.44 MB ( 12%) committed,  1 nodes.
      Class space:        1.00 GB reserved,     704.00 KB ( <1%) committed,  1 nodes.
             Both:        1.06 GB reserved,       8.12 MB ( <1%) committed. 

Chunk freelists:
   Non-Class:  6.80 MB
       Class:  15.29 MB
        Both:  22.08 MB

MaxMetaspaceSize: unlimited
CompressedClassSpaceSize: 1.00 GB
Initial GC threshold: 21.00 MB
Current GC threshold: 21.00 MB
CDS: on
 - commit_granule_bytes: 65536.
 - commit_granule_words: 8192.
 - virtual_space_node_default_size: 8388608.
 - enlarge_chunks_in_place: 1.
 - use_allocation_guard: 0.


Internal statistics:

num_allocs_failed_limit: 0.
num_arena_births: 74.
num_arena_deaths: 0.
num_vsnodes_births: 2.
num_vsnodes_deaths: 0.
num_space_committed: 128.
num_space_uncommitted: 0.
num_chunks_returned_to_freelist: 0.
num_chunks_taken_from_freelist: 311.
num_chunk_merges: 0.
num_chunk_splits: 224.
num_chunks_enlarged: 180.
num_inconsistent_stats: 0.

CodeHeap 'non-profiled nmethods': size=120000Kb used=697Kb max_used=697Kb free=119302Kb
 bounds [0x00000212aa4d0000, 0x00000212aa740000, 0x00000212b1a00000]
CodeHeap 'profiled nmethods': size=120000Kb used=2628Kb max_used=2628Kb free=117371Kb
 bounds [0x00000212a2a00000, 0x00000212a2ca0000, 0x00000212a9f30000]
CodeHeap 'non-nmethods': size=5760Kb used=2206Kb max_used=2237Kb free=3553Kb
 bounds [0x00000212a9f30000, 0x00000212aa1a0000, 0x00000212aa4d0000]
 total_blobs=2616 nmethods=1461 adapters=1060
 compilation: enabled
              stopped_count=0, restarted_count=0
 full_count=0

Compilation events (20 events):
Event: 3.509 Thread 0x00000212b9a66ca0 1452  s    3       java.io.ByteArrayOutputStream::write (43 bytes)
Event: 3.509 Thread 0x00000212b9a66ca0 nmethod 1452 0x00000212a2c8ed10 code [0x00000212a2c8ef00, 0x00000212a2c8f3b0]
Event: 3.509 Thread 0x00000212b9a66ca0 1453       3       java.io.ByteArrayOutputStream::ensureCapacity (32 bytes)
Event: 3.510 Thread 0x00000212b9a66ca0 nmethod 1453 0x00000212a2c8f590 code [0x00000212a2c8f760, 0x00000212a2c8fb18]
Event: 3.566 Thread 0x00000212b9a650c0 1454       4       jdk.internal.misc.Unsafe::allocateUninitializedArray (55 bytes)
Event: 3.567 Thread 0x00000212b9a66ca0 1455       3       java.nio.CharBuffer::position (8 bytes)
Event: 3.567 Thread 0x00000212b9a66ca0 nmethod 1455 0x00000212a2c8fc90 code [0x00000212a2c8fe40, 0x00000212a2c8ff90]
Event: 3.567 Thread 0x00000212b9a66ca0 1456       3       java.nio.CharBuffer::position (6 bytes)
Event: 3.567 Thread 0x00000212b9a66ca0 nmethod 1456 0x00000212a2c90010 code [0x00000212a2c901c0, 0x00000212a2c90370]
Event: 3.567 Thread 0x00000212b9a66ca0 1459       3       java.nio.charset.CoderResult::isOverflow (14 bytes)
Event: 3.567 Thread 0x00000212b9a66ca0 nmethod 1459 0x00000212a2c90490 code [0x00000212a2c90620, 0x00000212a2c90788]
Event: 3.567 Thread 0x00000212b9a650c0 nmethod 1454 0x00000212aa57d910 code [0x00000212aa57daa0, 0x00000212aa57dc88]
Event: 3.567 Thread 0x00000212b9a650c0 1458       4       java.lang.CharacterData::of (136 bytes)
Event: 3.568 Thread 0x00000212b9a650c0 nmethod 1458 0x00000212aa57de10 code [0x00000212aa57dfa0, 0x00000212aa57e048]
Event: 3.568 Thread 0x00000212b9a650c0 1457       4       java.lang.CharacterDataLatin1::digit (32 bytes)
Event: 3.568 Thread 0x00000212b9a650c0 nmethod 1457 0x00000212aa57e110 code [0x00000212aa57e2a0, 0x00000212aa57e3c0]
Event: 3.568 Thread 0x00000212b9a66ca0 1461       3       java.lang.Math::max (46 bytes)
Event: 3.568 Thread 0x00000212b9a66ca0 nmethod 1461 0x00000212a2c90810 code [0x00000212a2c909c0, 0x00000212a2c90d00]
Event: 3.568 Thread 0x00000212b9a66ca0 1460       3       com.badlogic.gdx.utils.StringBuilder::charAt (28 bytes)
Event: 3.569 Thread 0x00000212b9a66ca0 nmethod 1460 0x00000212a2c90d90 code [0x00000212a2c90f40, 0x00000212a2c911d0]

GC Heap History (2 events):
Event: 2.407 GC heap before
{Heap before GC invocations=0 (full 0):
 garbage-first heap   total 258048K, used 22528K [0x0000000704e00000, 0x0000000800000000)
  region size 2048K, 11 young (22528K), 0 survivors (0K)
 Metaspace       used 7528K, committed 7680K, reserved 1114112K
  class space    used 573K, committed 640K, reserved 1048576K
}
Event: 2.414 GC heap after
{Heap after GC invocations=1 (full 0):
 garbage-first heap   total 258048K, used 3774K [0x0000000704e00000, 0x0000000800000000)
  region size 2048K, 2 young (4096K), 2 survivors (4096K)
 Metaspace       used 7528K, committed 7680K, reserved 1114112K
  class space    used 573K, committed 640K, reserved 1048576K
}

Dll operation events (10 events):
Event: 0.006 Loaded shared library C:\Users\clique\.jdks\openjdk-21.0.2\bin\java.dll
Event: 0.036 Loaded shared library C:\Users\clique\.jdks\openjdk-21.0.2\bin\jsvml.dll
Event: 0.064 Loaded shared library C:\Users\clique\.jdks\openjdk-21.0.2\bin\net.dll
Event: 0.065 Loaded shared library C:\Users\clique\.jdks\openjdk-21.0.2\bin\nio.dll
Event: 0.068 Loaded shared library C:\Users\clique\.jdks\openjdk-21.0.2\bin\zip.dll
Event: 0.113 Loaded shared library C:\Users\clique\.jdks\openjdk-21.0.2\bin\jimage.dll
Event: 0.119 Loaded shared library C:\Users\clique\AppData\Local\Temp\libgdxclique\2a9d7f76\gdx64.dll
Event: 0.159 Loaded shared library C:\Users\clique\AppData\Local\Temp\lwjgl_clique\3.3.3+5\x64\lwjgl.dll
Event: 0.851 Loaded shared library C:\Users\clique\AppData\Local\Temp\lwjgl_clique\3.3.3+5\x64\lwjgl_opengl.dll
Event: 2.426 Loaded shared library C:\Users\clique\AppData\Local\Temp\libgdxclique\5e84b8da\gdx-box2d64.dll

Deoptimization events (20 events):
Event: 2.378 Thread 0x00000212982e8610 DEOPT PACKING pc=0x00000212a2bbe990 sp=0x00000071036fee10
Event: 2.378 Thread 0x00000212982e8610 DEOPT UNPACKING pc=0x00000212a9f84e42 sp=0x00000071036fe328 mode 0
Event: 2.378 Thread 0x00000212982e8610 DEOPT PACKING pc=0x00000212a2bcc4d7 sp=0x00000071036fed70
Event: 2.378 Thread 0x00000212982e8610 DEOPT UNPACKING pc=0x00000212a9f84e42 sp=0x00000071036fe1d8 mode 0
Event: 2.451 Thread 0x00000212982e8610 Uncommon trap: trap_request=0xffffff45 fr.pc=0x00000212aa538ab8 relative=0x0000000000000658
Event: 2.451 Thread 0x00000212982e8610 Uncommon trap: reason=unstable_if action=reinterpret pc=0x00000212aa538ab8 method=java.lang.StringLatin1.newString([BII)Ljava/lang/String; @ 1 c2
Event: 2.451 Thread 0x00000212982e8610 DEOPT PACKING pc=0x00000212aa538ab8 sp=0x00000071036fe080
Event: 2.451 Thread 0x00000212982e8610 DEOPT UNPACKING pc=0x00000212a9f846a2 sp=0x00000071036fdfe0 mode 2
Event: 2.457 Thread 0x00000212982e8610 Uncommon trap: trap_request=0xffffff45 fr.pc=0x00000212aa4d168c relative=0x000000000000006c
Event: 2.457 Thread 0x00000212982e8610 Uncommon trap: reason=unstable_if action=reinterpret pc=0x00000212aa4d168c method=java.lang.String.isLatin1()Z @ 10 c2
Event: 2.457 Thread 0x00000212982e8610 DEOPT PACKING pc=0x00000212aa4d168c sp=0x00000071036fe5d0
Event: 2.457 Thread 0x00000212982e8610 DEOPT UNPACKING pc=0x00000212a9f846a2 sp=0x00000071036fe560 mode 2
Event: 3.567 Thread 0x00000212982e8610 Uncommon trap: trap_request=0xffffffde fr.pc=0x00000212aa57dbcc relative=0x000000000000012c
Event: 3.567 Thread 0x00000212982e8610 Uncommon trap: reason=class_check action=maybe_recompile pc=0x00000212aa57dbcc method=jdk.internal.misc.Unsafe.allocateUninitializedArray(Ljava/lang/Class;I)Ljava/lang/Object; @ 51 c2
Event: 3.567 Thread 0x00000212982e8610 DEOPT PACKING pc=0x00000212aa57dbcc sp=0x00000071036fe5c0
Event: 3.567 Thread 0x00000212982e8610 DEOPT UNPACKING pc=0x00000212a9f846a2 sp=0x00000071036fe538 mode 2
Event: 3.567 Thread 0x00000212982e8610 Uncommon trap: trap_request=0xffffffde fr.pc=0x00000212aa57dbcc relative=0x000000000000012c
Event: 3.567 Thread 0x00000212982e8610 Uncommon trap: reason=class_check action=maybe_recompile pc=0x00000212aa57dbcc method=jdk.internal.misc.Unsafe.allocateUninitializedArray(Ljava/lang/Class;I)Ljava/lang/Object; @ 51 c2
Event: 3.567 Thread 0x00000212982e8610 DEOPT PACKING pc=0x00000212aa57dbcc sp=0x00000071036fe580
Event: 3.567 Thread 0x00000212982e8610 DEOPT UNPACKING pc=0x00000212a9f846a2 sp=0x00000071036fe4f8 mode 2

Classes loaded (20 events):
Event: 2.381 Loading class jdk/internal/util/xml/impl/XMLWriter
Event: 2.381 Loading class jdk/internal/util/xml/impl/XMLWriter done
Event: 2.381 Loading class sun/nio/cs/UTF_8$Encoder
Event: 2.381 Loading class sun/nio/cs/UTF_8$Encoder done
Event: 2.381 Loading class jdk/internal/util/xml/impl/XMLStreamWriterImpl$Element
Event: 2.381 Loading class jdk/internal/util/xml/impl/XMLStreamWriterImpl$Element done
Event: 2.381 Loading class java/io/FileOutputStream$1
Event: 2.381 Loading class java/io/FileOutputStream$1 done
Event: 2.389 Loading class java/util/zip/GZIPInputStream
Event: 2.389 Loading class java/util/zip/GZIPInputStream done
Event: 2.390 Loading class sun/nio/cs/UTF_8$Decoder
Event: 2.390 Loading class sun/nio/cs/UTF_8$Decoder done
Event: 2.449 Loading class jdk/internal/module/ModulePatcher$PatchedModuleReader
Event: 2.450 Loading class jdk/internal/module/ModulePatcher$PatchedModuleReader done
Event: 2.450 Loading class sun/net/www/protocol/jrt/Handler
Event: 2.450 Loading class sun/net/www/protocol/jrt/Handler done
Event: 2.454 Loading class sun/text/resources/cldr/FormatData_en
Event: 2.454 Loading class sun/text/resources/cldr/FormatData_en done
Event: 2.454 Loading class sun/text/resources/cldr/FormatData_en_US
Event: 2.454 Loading class sun/text/resources/cldr/FormatData_en_US done

Classes unloaded (0 events):
No events

Classes redefined (0 events):
No events

Internal exceptions (20 events):
Event: 0.200 Thread 0x00000212982e8610 Exception <a 'java/lang/NoSuchMethodError'{0x00000007142a9688}: 'int java.lang.invoke.DirectMethodHandle$Holder.invokeStaticInit(java.lang.Object, java.lang.Object, int, long)'> (0x00000007142a9688) 
thrown [s\open\src\hotspot\share\interpreter\linkResolver.cpp, line 773]
Event: 0.200 Thread 0x00000212982e8610 Exception <a 'java/lang/NoSuchMethodError'{0x00000007142ae6b0}: 'java.lang.Object java.lang.invoke.DirectMethodHandle$Holder.newInvokeSpecial(java.lang.Object, java.lang.Object, int)'> (0x00000007142ae6b0) 
thrown [s\open\src\hotspot\share\interpreter\linkResolver.cpp, line 773]
Event: 0.202 Thread 0x00000212982e8610 Exception <a 'java/lang/NoSuchMethodError'{0x00000007142bfc78}: 'int java.lang.invoke.DirectMethodHandle$Holder.invokeStaticInit(java.lang.Object, java.lang.Object, long, long)'> (0x00000007142bfc78) 
thrown [s\open\src\hotspot\share\interpreter\linkResolver.cpp, line 773]
Event: 0.202 Thread 0x00000212982e8610 Exception <a 'java/lang/NoSuchMethodError'{0x00000007142c54e0}: 'java.lang.Object java.lang.invoke.DirectMethodHandle$Holder.newInvokeSpecial(java.lang.Object, java.lang.Object, long)'> (0x00000007142c54e0) 
thrown [s\open\src\hotspot\share\interpreter\linkResolver.cpp, line 773]
Event: 0.203 Thread 0x00000212982e8610 Exception <a 'java/lang/NoSuchMethodError'{0x00000007142c9298}: 'java.lang.Object java.lang.invoke.Invokers$Holder.linkToTargetMethod(java.lang.Object, long, java.lang.Object)'> (0x00000007142c9298) 
thrown [s\open\src\hotspot\share\interpreter\linkResolver.cpp, line 773]
Event: 0.204 Thread 0x00000212982e8610 Exception <a 'java/lang/NoSuchMethodError'{0x00000007142d0358}: 'int java.lang.invoke.DirectMethodHandle$Holder.invokeStaticInit(java.lang.Object, java.lang.Object, java.lang.Object, long)'> (0x00000007142d0358) 
thrown [s\open\src\hotspot\share\interpreter\linkResolver.cpp, line 773]
Event: 0.216 Thread 0x00000212982e8610 Exception <a 'sun/nio/fs/WindowsException'{0x0000000714352ac0}> (0x0000000714352ac0) 
thrown [s\open\src\hotspot\share\prims\jni.cpp, line 520]
Event: 0.216 Thread 0x00000212982e8610 Exception <a 'sun/nio/fs/WindowsException'{0x0000000714352e60}> (0x0000000714352e60) 
thrown [s\open\src\hotspot\share\prims\jni.cpp, line 520]
Event: 0.236 Thread 0x00000212982e8610 Exception <a 'sun/nio/fs/WindowsException'{0x0000000714002a48}> (0x0000000714002a48) 
thrown [s\open\src\hotspot\share\prims\jni.cpp, line 520]
Event: 0.236 Thread 0x00000212982e8610 Exception <a 'sun/nio/fs/WindowsException'{0x0000000714002db8}> (0x0000000714002db8) 
thrown [s\open\src\hotspot\share\prims\jni.cpp, line 520]
Event: 0.239 Thread 0x00000212982e8610 Exception <a 'java/lang/NoSuchMethodError'{0x0000000714009d30}: 'int java.lang.invoke.Invokers$Holder.invokeExact_MT(java.lang.Object, java.lang.Object)'> (0x0000000714009d30) 
thrown [s\open\src\hotspot\share\interpreter\linkResolver.cpp, line 773]
Event: 0.267 Thread 0x00000212982e8610 Exception <a 'sun/nio/fs/WindowsException'{0x0000000714098c50}> (0x0000000714098c50) 
thrown [s\open\src\hotspot\share\prims\jni.cpp, line 520]
Event: 0.267 Thread 0x00000212982e8610 Exception <a 'sun/nio/fs/WindowsException'{0x0000000714098fd8}> (0x0000000714098fd8) 
thrown [s\open\src\hotspot\share\prims\jni.cpp, line 520]
Event: 0.530 Thread 0x00000212982e8610 Exception <a 'java/lang/NoSuchMethodError'{0x00000007140d6950}: 'java.lang.Object java.lang.invoke.DirectMethodHandle$Holder.newInvokeSpecial(java.lang.Object, long)'> (0x00000007140d6950) 
thrown [s\open\src\hotspot\share\interpreter\linkResolver.cpp, line 773]
Event: 0.846 Thread 0x00000212982e8610 Exception <a 'java/lang/NoSuchMethodError'{0x0000000713e5e9c8}: 'void java.lang.System.load(java.lang.String, java.lang.Class)'> (0x0000000713e5e9c8) 
thrown [s\open\src\hotspot\share\interpreter\linkResolver.cpp, line 773]
Event: 0.847 Thread 0x00000212982e8610 Exception <a 'java/lang/NoSuchMethodError'{0x0000000713e61368}: 'void java.lang.System.loadLibrary(java.lang.String, java.lang.Class)'> (0x0000000713e61368) 
thrown [s\open\src\hotspot\share\interpreter\linkResolver.cpp, line 773]
Event: 0.850 Thread 0x00000212982e8610 Exception <a 'sun/nio/fs/WindowsException'{0x0000000713e72258}> (0x0000000713e72258) 
thrown [s\open\src\hotspot\share\prims\jni.cpp, line 520]
Event: 0.850 Thread 0x00000212982e8610 Exception <a 'sun/nio/fs/WindowsException'{0x0000000713e72608}> (0x0000000713e72608) 
thrown [s\open\src\hotspot\share\prims\jni.cpp, line 520]
Event: 0.853 Thread 0x00000212982e8610 Exception <a 'sun/nio/fs/WindowsException'{0x0000000713e7eb48}> (0x0000000713e7eb48) 
thrown [s\open\src\hotspot\share\prims\jni.cpp, line 520]
Event: 0.853 Thread 0x00000212982e8610 Exception <a 'sun/nio/fs/WindowsException'{0x0000000713e7ee30}> (0x0000000713e7ee30) 
thrown [s\open\src\hotspot\share\prims\jni.cpp, line 520]

ZGC Phase Switch (0 events):
No events

VM Operations (20 events):
Event: 0.141 Executing VM operation: HandshakeAllThreads (Deoptimize)
Event: 0.141 Executing VM operation: HandshakeAllThreads (Deoptimize) done
Event: 1.155 Executing VM operation: Cleanup
Event: 1.155 Executing VM operation: Cleanup done
Event: 1.159 Executing VM operation: HandshakeAllThreads (Deoptimize)
Event: 1.159 Executing VM operation: HandshakeAllThreads (Deoptimize) done
Event: 1.160 Executing VM operation: HandshakeAllThreads (Deoptimize)
Event: 1.160 Executing VM operation: HandshakeAllThreads (Deoptimize) done
Event: 2.169 Executing VM operation: Cleanup
Event: 2.169 Executing VM operation: Cleanup done
Event: 2.407 Executing VM operation: G1CollectForAllocation (G1 Evacuation Pause)
Event: 2.414 Executing VM operation: G1CollectForAllocation (G1 Evacuation Pause) done
Event: 2.429 Executing VM operation: HandshakeAllThreads (Deoptimize)
Event: 2.429 Executing VM operation: HandshakeAllThreads (Deoptimize) done
Event: 2.436 Executing VM operation: HandshakeAllThreads (Deoptimize)
Event: 2.436 Executing VM operation: HandshakeAllThreads (Deoptimize) done
Event: 2.437 Executing VM operation: HandshakeAllThreads (Deoptimize)
Event: 2.437 Executing VM operation: HandshakeAllThreads (Deoptimize) done
Event: 3.438 Executing VM operation: Cleanup
Event: 3.438 Executing VM operation: Cleanup done

Events (20 events):
Event: 0.034 Thread 0x00000212b9a54f00 Thread added: 0x00000212b9a54f00
Event: 0.034 Thread 0x00000212b9a55c40 Thread added: 0x00000212b9a55c40
Event: 0.035 Thread 0x00000212b9a59e80 Thread added: 0x00000212b9a59e80
Event: 0.035 Thread 0x00000212b9a650c0 Thread added: 0x00000212b9a650c0
Event: 0.035 Thread 0x00000212b9a66ca0 Thread added: 0x00000212b9a66ca0
Event: 0.059 Thread 0x00000212b9cc1910 Thread added: 0x00000212b9cc1910
Event: 0.060 Thread 0x00000212b9cef930 Thread added: 0x00000212b9cef930
Event: 0.088 Thread 0x00000212b9e0caf0 Thread added: 0x00000212b9e0caf0
Event: 0.529 Thread 0x00000212b9e0caf0 Thread exited: 0x00000212b9e0caf0
Event: 0.539 Thread 0x00000212ff762260 Thread added: 0x00000212ff762260
Event: 1.115 Thread 0x00000212816965b0 Thread added: 0x00000212816965b0
Event: 1.120 Thread 0x000002128174a780 Thread added: 0x000002128174a780
Event: 1.139 Thread 0x0000021281758760 Thread added: 0x0000021281758760
Event: 1.294 Thread 0x00000212818d0120 Thread added: 0x00000212818d0120
Event: 1.628 Thread 0x0000021281758760 Thread exited: 0x0000021281758760
Event: 1.628 Thread 0x000002128174a780 Thread exited: 0x000002128174a780
Event: 1.896 Thread 0x000002128174a780 Thread added: 0x000002128174a780
Event: 2.178 Thread 0x000002128174a780 Thread exited: 0x000002128174a780
Event: 2.402 Thread 0x000002128174a780 Thread added: 0x000002128174a780
Event: 2.776 Thread 0x000002128174a780 Thread exited: 0x000002128174a780


Dynamic libraries:
0x00007ff7a7d00000 - 0x00007ff7a7d0e000 	C:\Users\clique\.jdks\openjdk-21.0.2\bin\java.exe
0x00007ffcdf770000 - 0x00007ffcdf987000 	C:\WINDOWS\SYSTEM32\ntdll.dll
0x00007ffcdd710000 - 0x00007ffcdd7d4000 	C:\WINDOWS\System32\KERNEL32.DLL
0x00007ffcdcbb0000 - 0x00007ffcdcf57000 	C:\WINDOWS\System32\KERNELBASE.dll
0x00007ffcdd2c0000 - 0x00007ffcdd3d1000 	C:\WINDOWS\System32\ucrtbase.dll
0x00007ffc9c830000 - 0x00007ffc9c848000 	C:\Users\clique\.jdks\openjdk-21.0.2\bin\jli.dll
0x00007ffc9b560000 - 0x00007ffc9b57b000 	C:\Users\clique\.jdks\openjdk-21.0.2\bin\VCRUNTIME140.dll
0x00007ffcdf290000 - 0x00007ffcdf43e000 	C:\WINDOWS\System32\USER32.dll
0x00007ffcca640000 - 0x00007ffcca8d3000 	C:\WINDOWS\WinSxS\amd64_microsoft.windows.common-controls_6595b64144ccf1df_6.0.22621.3527_none_270e469b73872a76\COMCTL32.dll
0x00007ffcdcf60000 - 0x00007ffcdcf86000 	C:\WINDOWS\System32\win32u.dll
0x00007ffcddee0000 - 0x00007ffcddf87000 	C:\WINDOWS\System32\msvcrt.dll
0x00007ffcdf620000 - 0x00007ffcdf649000 	C:\WINDOWS\System32\GDI32.dll
0x00007ffcdd1a0000 - 0x00007ffcdd2b9000 	C:\WINDOWS\System32\gdi32full.dll
0x00007ffcdcf90000 - 0x00007ffcdd02a000 	C:\WINDOWS\System32\msvcp_win.dll
0x00007ffcdf6f0000 - 0x00007ffcdf721000 	C:\WINDOWS\System32\IMM32.DLL
0x00007ffcbc6f0000 - 0x00007ffcbc6fc000 	C:\Users\clique\.jdks\openjdk-21.0.2\bin\vcruntime140_1.dll
0x00007ffc91330000 - 0x00007ffc913be000 	C:\Users\clique\.jdks\openjdk-21.0.2\bin\msvcp140.dll
0x00007ffc57a30000 - 0x00007ffc58747000 	C:\Users\clique\.jdks\openjdk-21.0.2\bin\server\jvm.dll
0x00007ffcdd4a0000 - 0x00007ffcdd552000 	C:\WINDOWS\System32\ADVAPI32.dll
0x00007ffcdf1e0000 - 0x00007ffcdf288000 	C:\WINDOWS\System32\sechost.dll
0x00007ffcdcb00000 - 0x00007ffcdcb28000 	C:\WINDOWS\System32\bcrypt.dll
0x00007ffcdf040000 - 0x00007ffcdf155000 	C:\WINDOWS\System32\RPCRT4.dll
0x00007ffcdef60000 - 0x00007ffcdefd1000 	C:\WINDOWS\System32\WS2_32.dll
0x00007ffcd1fe0000 - 0x00007ffcd2014000 	C:\WINDOWS\SYSTEM32\WINMM.dll
0x00007ffcdb910000 - 0x00007ffcdb95d000 	C:\WINDOWS\SYSTEM32\POWRPROF.dll
0x00007ffcd0290000 - 0x00007ffcd029a000 	C:\WINDOWS\SYSTEM32\VERSION.dll
0x00007ffcdb8f0000 - 0x00007ffcdb903000 	C:\WINDOWS\SYSTEM32\UMPDC.dll
0x00007ffcdbba0000 - 0x00007ffcdbbb8000 	C:\WINDOWS\SYSTEM32\kernel.appcore.dll
0x00007ffcbc0b0000 - 0x00007ffcbc0ba000 	C:\Users\clique\.jdks\openjdk-21.0.2\bin\jimage.dll
0x00007ffcd9df0000 - 0x00007ffcda022000 	C:\WINDOWS\SYSTEM32\DBGHELP.DLL
0x00007ffcdd7e0000 - 0x00007ffcddb68000 	C:\WINDOWS\System32\combase.dll
0x00007ffcdf440000 - 0x00007ffcdf517000 	C:\WINDOWS\System32\OLEAUT32.dll
0x00007ffcb9bf0000 - 0x00007ffcb9c22000 	C:\WINDOWS\SYSTEM32\dbgcore.DLL
0x00007ffcdcb30000 - 0x00007ffcdcba9000 	C:\WINDOWS\System32\bcryptPrimitives.dll
0x00007ffc9aac0000 - 0x00007ffc9aadf000 	C:\Users\clique\.jdks\openjdk-21.0.2\bin\java.dll
0x00007ffcde000000 - 0x00007ffcde85c000 	C:\WINDOWS\System32\SHELL32.dll
0x00007ffcda9e0000 - 0x00007ffcdb2d6000 	C:\WINDOWS\SYSTEM32\windows.storage.dll
0x00007ffcda8a0000 - 0x00007ffcda9de000 	C:\WINDOWS\SYSTEM32\wintypes.dll
0x00007ffcde9c0000 - 0x00007ffcdeab5000 	C:\WINDOWS\System32\SHCORE.dll
0x00007ffcddb70000 - 0x00007ffcddbce000 	C:\WINDOWS\System32\shlwapi.dll
0x00007ffcdc9c0000 - 0x00007ffcdc9e1000 	C:\WINDOWS\SYSTEM32\profapi.dll
0x00007ffc88ca0000 - 0x00007ffc88d77000 	C:\Users\clique\.jdks\openjdk-21.0.2\bin\jsvml.dll
0x00007ffcba680000 - 0x00007ffcba690000 	C:\Users\clique\.jdks\openjdk-21.0.2\bin\net.dll
0x00007ffcd41c0000 - 0x00007ffcd42f6000 	C:\WINDOWS\SYSTEM32\WINHTTP.dll
0x00007ffcdc010000 - 0x00007ffcdc079000 	C:\WINDOWS\system32\mswsock.dll
0x00007ffc9a5a0000 - 0x00007ffc9a5b6000 	C:\Users\clique\.jdks\openjdk-21.0.2\bin\nio.dll
0x00007ffc9a710000 - 0x00007ffc9a728000 	C:\Users\clique\.jdks\openjdk-21.0.2\bin\zip.dll
0x000000006e700000 - 0x000000006e72d000 	C:\Users\clique\AppData\Local\Temp\libgdxclique\2a9d7f76\gdx64.dll
0x00007ffccb390000 - 0x00007ffccb40b000 	C:\Users\clique\AppData\Local\Temp\lwjgl_clique\3.3.3+5\x64\lwjgl.dll
0x00007ffc7dc20000 - 0x00007ffc7de90000 	C:\Users\clique\AppData\Local\Temp\lwjgl_clique\3.3.3+5\x64\jemalloc.dll
0x00007ffcbb450000 - 0x00007ffcbb4d2000 	C:\Users\clique\AppData\Local\Temp\lwjgl_clique\3.3.3+5\x64\glfw.dll
0x00007ffcbb1b0000 - 0x00007ffcbb1f6000 	C:\WINDOWS\SYSTEM32\dinput8.dll
0x00007ffc92340000 - 0x00007ffc92351000 	C:\WINDOWS\SYSTEM32\xinput1_4.dll
0x00007ffcdc740000 - 0x00007ffcdc76c000 	C:\WINDOWS\SYSTEM32\DEVOBJ.dll
0x00007ffcdc770000 - 0x00007ffcdc7be000 	C:\WINDOWS\SYSTEM32\cfgmgr32.dll
0x00007ffcd7140000 - 0x00007ffcd716b000 	C:\WINDOWS\SYSTEM32\dwmapi.dll
0x00007ffcd6ec0000 - 0x00007ffcd6f6b000 	C:\WINDOWS\system32\uxtheme.dll
0x00007ffcc46a0000 - 0x00007ffcc48ac000 	C:\WINDOWS\SYSTEM32\inputhost.dll
0x00007ffcd6900000 - 0x00007ffcd6a33000 	C:\WINDOWS\SYSTEM32\CoreMessaging.dll
0x00007ffcde860000 - 0x00007ffcde9b3000 	C:\WINDOWS\System32\MSCTF.dll
0x00007ffcdc290000 - 0x00007ffcdc29c000 	C:\WINDOWS\SYSTEM32\CRYPTBASE.DLL
0x00007ffc800c0000 - 0x00007ffc80287000 	C:\Users\clique\AppData\Local\Temp\lwjgl_clique\3.3.3+5\x64\OpenAL.dll
0x00007ffcdd560000 - 0x00007ffcdd705000 	C:\WINDOWS\System32\ole32.dll
0x00007ffcddc70000 - 0x00007ffcddd20000 	C:\WINDOWS\System32\clbcatq.dll
0x00007ffcc83b0000 - 0x00007ffcc844d000 	C:\WINDOWS\System32\MMDevApi.dll
0x00007ffcc7b30000 - 0x00007ffcc7d1c000 	C:\WINDOWS\SYSTEM32\AUDIOSES.DLL
0x00007ffcda590000 - 0x00007ffcda5a5000 	C:\WINDOWS\SYSTEM32\resourcepolicyclient.dll
0x00007ffc96990000 - 0x00007ffc96a90000 	C:\WINDOWS\SYSTEM32\opengl32.dll
0x00007ffcbb050000 - 0x00007ffcbb07d000 	C:\WINDOWS\SYSTEM32\GLU32.dll
0x00007ffcda210000 - 0x00007ffcda249000 	C:\WINDOWS\SYSTEM32\dxcore.dll
0x00007ffcd33b0000 - 0x00007ffcd34e7000 	C:\Windows\System32\AppXDeploymentClient.dll
0x00007ffc45d50000 - 0x00007ffc48940000 	C:\WINDOWS\System32\DriverStore\FileRepository\nvaci.inf_amd64_e96375d8421bb873\nvoglv64.dll
0x00007ffcdeac0000 - 0x00007ffcdef34000 	C:\WINDOWS\System32\SETUPAPI.dll
0x00007ffcdb960000 - 0x00007ffcdb974000 	C:\WINDOWS\SYSTEM32\WTSAPI32.dll
0x00007ffcdc720000 - 0x00007ffcdc732000 	C:\WINDOWS\SYSTEM32\msasn1.dll
0x00007ffcd0250000 - 0x00007ffcd0282000 	C:\WINDOWS\SYSTEM32\cryptnet.dll
0x00007ffcdd030000 - 0x00007ffcdd198000 	C:\WINDOWS\System32\CRYPT32.dll
0x00007ffcd00f0000 - 0x00007ffcd0248000 	C:\WINDOWS\SYSTEM32\drvstore.dll
0x00007ffcdc320000 - 0x00007ffcdc369000 	C:\WINDOWS\SYSTEM32\wldp.dll
0x00007ffcdca90000 - 0x00007ffcdcafb000 	C:\WINDOWS\System32\wintrust.dll
0x00007ffcdf660000 - 0x00007ffcdf67f000 	C:\WINDOWS\System32\imagehlp.dll
0x00007ffcdc270000 - 0x00007ffcdc28b000 	C:\WINDOWS\SYSTEM32\CRYPTSP.dll
0x00007ffcdbb00000 - 0x00007ffcdbb35000 	C:\WINDOWS\system32\rsaenh.dll
0x00007ffcdc0a0000 - 0x00007ffcdc0c6000 	C:\WINDOWS\SYSTEM32\gpapi.dll
0x00007ffcc5550000 - 0x00007ffcc773e000 	C:\WINDOWS\System32\DriverStore\FileRepository\nvaci.inf_amd64_e96375d8421bb873\nvgpucomp64.dll
0x00007ffcdbbc0000 - 0x00007ffcdbbf4000 	C:\WINDOWS\SYSTEM32\ntmarta.dll
0x00007ffc628b0000 - 0x00007ffc62b80000 	C:\WINDOWS\system32\nvspcap64.dll
0x00007ffcdb530000 - 0x00007ffcdb596000 	C:\WINDOWS\SYSTEM32\WINSTA.dll
0x00007ffccb330000 - 0x00007ffccb38e000 	C:\Users\clique\AppData\Local\Temp\lwjgl_clique\3.3.3+5\x64\lwjgl_opengl.dll
0x00007ffcbc840000 - 0x00007ffcbc98b000 	C:\WINDOWS\SYSTEM32\textinputframework.dll
0x00007ffcd2da0000 - 0x00007ffcd310c000 	C:\WINDOWS\SYSTEM32\CoreUIComponents.dll
0x0000000066b00000 - 0x0000000066b5a000 	C:\Users\clique\AppData\Local\Temp\libgdxclique\5e84b8da\gdx-box2d64.dll

dbghelp: loaded successfully - version: 4.0.5 - missing functions: none
symbol engine: initialized successfully - sym options: 0x614 - pdb path: .;C:\Users\clique\.jdks\openjdk-21.0.2\bin;C:\WINDOWS\SYSTEM32;C:\WINDOWS\WinSxS\amd64_microsoft.windows.common-controls_6595b64144ccf1df_6.0.22621.3527_none_270e469b73872a76;C:\Users\clique\.jdks\openjdk-21.0.2\bin\server;C:\Users\clique\AppData\Local\Temp\libgdxclique\2a9d7f76;C:\Users\clique\AppData\Local\Temp\lwjgl_clique\3.3.3+5\x64;C:\WINDOWS\System32\DriverStore\FileRepository\nvaci.inf_amd64_e96375d8421bb873;C:\Users\clique\AppData\Local\Temp\libgdxclique\5e84b8da

VM Arguments:
jvm_args: -Dfile.encoding=windows-1252 -Duser.country=US -Duser.language=en -Duser.variant 
java_command: main.com.kulikov.DesktopLauncher
java_class_path (initial): E:\MarioBros\desktop\build\classes\java\main;E:\MarioBros\desktop\build\resources\main;C:\Users\clique\.gradle\caches\modules-2\files-2.1\com.badlogicgames.gdx\gdx-backend-lwjgl3\1.12.1\12a144cacb34f0392cd8354f798d99e4836a51a8\gdx-backend-lwjgl3-1.12.1.jar;C:\Users\clique\.gradle\caches\modules-2\files-2.1\com.badlogicgames.gdx\gdx-platform\1.12.1\5737be5ce3a4e8f9f77c2d9ab95ab479f9c3705f\gdx-platform-1.12.1-natives-desktop.jar;C:\Users\clique\.gradle\caches\modules-2\files-2.1\com.badlogicgames.gdx\gdx-box2d-platform\1.12.1\4e82228fcdd2e8a7673fe7952588acfdb33d7820\gdx-box2d-platform-1.12.1-natives-desktop.jar;E:\MarioBros\core\build\libs\core-1.0.jar;C:\Users\clique\.gradle\caches\modules-2\files-2.1\com.badlogicgames.gdx\gdx-box2d\1.12.1\6c37ed04f97d062f1bdc4afe1f583182e539a269\gdx-box2d-1.12.1.jar;C:\Users\clique\.gradle\caches\modules-2\files-2.1\com.badlogicgames.gdx\gdx\1.12.1\a2d066c09329c457045c284c42d6f37122840aa\gdx-1.12.1.jar;C:\Users\clique\.gradle\caches\modules-2\files-2.1\org.lwjgl\lwjgl-glfw\3.3.3\efa1eb78c5ccd840e9f329717109b5e892d72f8e\lwjgl-glfw-3.3.3.jar;C:\Users\clique\.gradle\caches\modules-2\files-2.1\org.lwjgl\lwjgl-glfw\3.3.3\a03684c5e4b1b1dbbe0d29dbbdc27b985b6840f2\lwjgl-glfw-3.3.3-natives-linux.jar;C:\Users\clique\.gradle\caches\modules-2\files-2.1\org.lwjgl\lwjgl-glfw\3.3.3\d9af485c32545b37dd5359b163161d42d7534dcf\lwjgl-glfw-3.3.3-natives-linux-arm32.jar;C:\Users\clique\.gradle\caches\modules-2\files-2.1\org.lwjgl\lwjgl-glfw\3.3.3\492a0f11f85b85899a6568f07511160c1b87cd38\lwjgl-glfw-3.3.3-natives-linux-arm64.jar;C:\Users\clique\.gradle\caches\modules-2\files-2.1\org.lwjgl\lwjgl-glfw\3.3.3\a1bf400f6bc64e6195596cb1430dafda46090751\lwjgl-glfw-3.3.3-natives-macos.jar;C:\Users\clique\.gradle\caches\modules-2\files-2.1\org.lwjgl\lwjgl-glfw\3.3.3\ee8cc78d0a4a5b3b4600fade6d927c9fc320c858\lwjgl-glfw-3.3.3-natives-macos-arm64.jar;C:\Users\clique\.gradle\caches\modules-2\files-2.1\org.lwjgl\lwjgl-glfw\3.3.3\e449e28b4891fc423c54c85fbc5bb0b9efece67a\lwjgl-glfw-3.3.3-natives-windows.jar;C:\Users\clique\.gradle\caches\modules-2\files-2.1\org.lwjgl\lwjgl-glfw\3.3.3\32334f3fd5270a59bad9939a93115acb6de36dcf\lwjgl-glfw-3.3.3-natives-windows-x86.jar;C:\Users\clique\.gradle\caches\modules-2\files-2.1\org.lwjgl\lwjgl-jemalloc\3.3.3\b543467b7ff3c6920539a88ee602d34098628be5\lwjgl-jemalloc-3.3.3.jar;C:\Users\clique\.gradle\caches\modules-2\files-2.1\org.lwjgl\lwjgl-jemalloc\3.3.3\4f86728bf449b1dd61251c4e0ac01df1389cb51e\lwjgl-jemalloc-3.3.3-natives-linux.jar;C:\Users\clique\.gradle\caches\modules-2\files-2.1\org.lwjgl\lwjgl-jemalloc\3.3.3\109b6931880d02d4e65ced38928a16e41d19873e\lwjgl-jemalloc-3.3.3-natives-linux-arm32.jar;C:\Users\clique\.gradle\caches\modules-2\files-2.1\org.lwjgl\lwjgl-jemalloc\3.3.3\eff8b86798191192fe2cba2dc2776109f30c239d\lwjgl-jemalloc-3.3.3-natives-linux-arm64.jar;C:\Users\clique\.gradle\caches\modules-2\files-2.1\org.lwjgl\lwjgl-jemalloc\3.3.3\2906637657a57579847238c9c72d2c4bde7083f8\lwjgl-jemalloc-3.3.3-natives-macos.jar;C:\Users\clique\.gradle\caches\modules-2\files-2.1\org.lwjgl\lwjgl-jemalloc\3.3.3\e9412c3ff8cb3a3bad1d3f52909ad74d8a5bdad1\lwjgl-jemalloc-3.3.3-natives-macos-arm64.jar;C:\Users\clique\.gradle\caches\modules-2\files-2.1\org.lwjgl\lwjgl-jemalloc\3.3.3\426222fc027602a5f21b9c0fe79cde6a4c7a011f\lwjgl-jemalloc-3.3.3-natives-windows.jar;C:\Users\clique\.gradle\caches\modules-2\files-2.1\org.lwjgl\lwjgl-jemalloc\3.3.3\f6063b6e0f23be483c5c88d84ce51b39dc69126c\lwjgl-jemalloc-3.3.3-natives-windows-x86.jar;C:\Users\clique\.gradle\caches\modules-2\files-2.1\org.lwjgl\lwjgl-openal\3.3.3\daada81ceb5fc0c291fbfdd4433cb8d9423577f2\lwjgl-openal-3.3.3.jar;C:\Users\clique\.gradle\caches\modules-2\files-2.1\org.lwjgl\lwjgl-openal\3.3.3\3037360cc4595079bea240af250b6d1a527e0905\lwjgl-openal-3.3.3-natives-linux.jar;C:\Users\clique\.gradle\caches\modules-2\files-2.1\org.lwjgl\lwjgl-openal\3.3.3\e1702aa09d20359d6cf5cb2999fa7685a785eca7\lwjgl-openal-3.3.3-natives-linux-arm32.jar;C:\Users\clique\.gradle\caches\modules-2\files-2.1\org.lwjgl\lwjgl-openal\3.3.3\ad8f302118a65bb8d615f8a2a680db58fb8f835e\lwjgl-openal-3.3.3-natives-linux-arm64.jar;C:\Users\clique\.gradle\caches\modules-2\files-2.1\org.lwjgl\lwjgl-openal\3.3.3\8df8338bfa77f2ebabef4e58964bd04d24805cbf\lwjgl-openal-3.3.3-natives-macos.jar;C:\Users\clique\.gradle\caches\modules-2\files-2.1\org.lwjgl\lwjgl-openal\3.3.3\c78b078de2fb52f45aa55d04db889a560f3544f\lwjgl-openal-3.3.3-natives-macos-arm64.jar;C:\Users\clique\.gradle\caches\modules-2\files-2.1\org.lwjgl\lwjgl-openal\3.3.3\cf83862ae95d98496b26915024c7e666d8ab1c8f\lwjgl-openal-3.3.3-natives-windows.jar;C:\Users\clique\.gradle\caches\modules-2\files-2.1\org.lwjgl\lwjgl-openal\3.3.3\87b8d5050e3adb46bb58fe1cb2669a4a48fce10d\lwjgl-openal-3.3.3-natives-windows-x86.jar;C:\Users\clique\.gradle\caches\modules-2\files-2.1\org.lwjgl\lwjgl-opengl\3.3.3\2f6b0147078396a58979125a4c947664e98293a\lwjgl-opengl-3.3.3.jar;C:\Users\clique\.gradle\caches\modules-2\files-2.1\org.lwjgl\lwjgl-opengl\3.3.3\62c70a4b00ca5391882b0f4b787c1588d24f1c86\lwjgl-opengl-3.3.3-natives-linux.jar;C:\Users\clique\.gradle\caches\modules-2\files-2.1\org.lwjgl\lwjgl-opengl\3.3.3\dbba17fc5ac0985d14a57c11f9537617d67b9952\lwjgl-opengl-3.3.3-natives-linux-arm32.jar;C:\Users\clique\.gradle\caches\modules-2\files-2.1\org.lwjgl\lwjgl-opengl\3.3.3\2096f6b94b2d68745d858fbfe53aacf5f0c8074c\lwjgl-opengl-3.3.3-natives-linux-arm64.jar;C:\Users\clique\.gradle\caches\modules-2\files-2.1\org.lwjgl\lwjgl-opengl\3.3.3\1bd45997551ae8a28469f3a2b678f4b7289e12c0\lwjgl-opengl-3.3.3-natives-macos.jar;C:\Users\clique\.gradle\caches\modules-2\files-2.1\org.lwjgl\lwjgl-opengl\3.3.3\d213ddef27637b1af87961ffa94d6b27036becc8\lwjgl-opengl-3.3.3-natives-macos-arm64.jar;C:\Users\clique\.gradle\caches\modules-2\files-2.1\org.lwjgl\lwjgl-opengl\3.3.3\e6c1eec8be8a71951b830a4d69efc01c6531900c\lwjgl-opengl-3.3.3-natives-windows.jar;C:\Users\clique\.gradle\caches\modules-2\files-2.1\org.lwjgl\lwjgl-opengl\3.3.3\d32d833dcaa2f355a886eaf21f0408b5f03241d\lwjgl-opengl-3.3.3-natives-windows-x86.jar;C:\Users\clique\.gradle\caches\modules-2\files-2.1\org.lwjgl\lwjgl-stb\3.3.3\25dd6161988d7e65f71d5065c99902402ee32746\lwjgl-stb-3.3.3.jar;C:\Users\clique\.gradle\caches\modules-2\files-2.1\org.lwjgl\lwjgl-stb\3.3.3\fd1271ccd9d85eff2fa31f3fd543e02ccfaf5041\lwjgl-stb-3.3.3-natives-linux.jar;C:\Users\clique\.gradle\caches\modules-2\files-2.1\org.lwjgl\lwjgl-stb\3.3.3\1ae28ff044699ff29b0e980ffabd73fba8a664b3\lwjgl-stb-3.3.3-natives-linux-arm32.jar;C:\Users\clique\.gradle\caches\modules-2\files-2.1\org.lwjgl\lwjgl-stb\3.3.3\ddc177afc2be1ee8d93684b11363b80589a13fe1\lwjgl-stb-3.3.3-natives-linux-arm64.jar;C:\Users\clique\.gradle\caches\modules-2\files-2.1\org.lwjgl\lwjgl-stb\3.3.3\472792c98fb2c1557c060cb9da5fca6a9773621f\lwjgl-stb-3.3.3-natives-macos.jar;C:\Users\clique\.gradle\caches\modules-2\files-2.1\org.lwjgl\lwjgl-stb\3.3.3\51c6955571fbcdb7bb538c6aa589b953b584c6af\lwjgl-stb-3.3.3-natives-macos-arm64.jar;C:\Users\clique\.gradle\caches\modules-2\files-2.1\org.lwjgl\lwjgl-stb\3.3.3\1d9facdf6541de114b0f963be33505b7679c78cb\lwjgl-stb-3.3.3-natives-windows.jar;C:\Users\clique\.gradle\caches\modules-2\files-2.1\org.lwjgl\lwjgl-stb\3.3.3\b5c874687b9aac1a936501d4ed2c49567fd1b575\lwjgl-stb-3.3.3-natives-windows-x86.jar;C:\Users\clique\.gradle\caches\modules-2\files-2.1\org.lwjgl\lwjgl\3.3.3\29589b5f87ed335a6c7e7ee6a5775f81f97ecb84\lwjgl-3.3.3.jar;C:\Users\clique\.gradle\caches\modules-2\files-2.1\org.lwjgl\lwjgl\3.3.3\1713758e3660ba66e1e954396fd18126038b33c0\lwjgl-3.3.3-natives-linux.jar;C:\Users\clique\.gradle\caches\modules-2\files-2.1\org.lwjgl\lwjgl\3.3.3\2075c51a80f0ef0f22ba616ba54007ac2b0debd4\lwjgl-3.3.3-natives-linux-arm32.jar;C:\Users\clique\.gradle\caches\modules-2\files-2.1\org.lwjgl\lwjgl\3.3.3\f35d8b6ffe1ac1e3a5eb1d4e33de80f044ad5fd8\lwjgl-3.3.3-natives-linux-arm64.jar;C:\Users\clique\.gradle\caches\modules-2\files-2.1\org.lwjgl\lwjgl\3.3.3\33a6efa288390490ce6eb6c3df47ac21ecf648cf\lwjgl-3.3.3-natives-macos.jar;C:\Users\clique\.gradle\caches\modules-2\files-2.1\org.lwjgl\lwjgl\3.3.3\226246e75f6bd8d4e1895bdce8638ef87808d114\lwjgl-3.3.3-natives-macos-arm64.jar;C:\Users\clique\.gradle\caches\modules-2\files-2.1\org.lwjgl\lwjgl\3.3.3\a5ed18a2b82fc91b81f40d717cb1f64c9dcb0540\lwjgl-3.3.3-natives-windows.jar;C:\Users\clique\.gradle\caches\modules-2\files-2.1\org.lwjgl\lwjgl\3.3.3\9e670718e050aeaeea0c2d5b907cffb142f2e58f\lwjgl-3.3.3-natives-windows-x86.jar;C:\Users\clique\.gradle\caches\modules-2\files-2.1\com.badlogicgames.jlayer\jlayer\1.0.1-gdx\7cca83cec5c1b2f011362f4d85aabd71a73b049d\jlayer-1.0.1-gdx.jar;C:\Users\clique\.gradle\caches\modules-2\files-2.1\org.jcraft\jorbis\0.0.17\8872d22b293e8f5d7d56ff92be966e6dc28ebdc6\jorbis-0.0.17.jar;C:\Users\clique\.gradle\caches\modules-2\files-2.1\com.badlogicgames.gdx\gdx-jnigen-loader\2.3.1\2d472f69243631fbcb3d4c3f93dd2e137a6cb084\gdx-jnigen-loader-2.3.1.jar
Launcher Type: SUN_STANDARD

[Global flags]
     intx CICompilerCount                          = 4                                         {product} {ergonomic}
     uint ConcGCThreads                            = 3                                         {product} {ergonomic}
     uint G1ConcRefinementThreads                  = 10                                        {product} {ergonomic}
   size_t G1HeapRegionSize                         = 2097152                                   {product} {ergonomic}
    uintx GCDrainStackTargetSize                   = 64                                        {product} {ergonomic}
   size_t InitialHeapSize                          = 264241152                                 {product} {ergonomic}
   size_t MarkStackSize                            = 4194304                                   {product} {ergonomic}
   size_t MaxHeapSize                              = 4213178368                                {product} {ergonomic}
   size_t MaxNewSize                               = 2527068160                                {product} {ergonomic}
   size_t MinHeapDeltaBytes                        = 2097152                                   {product} {ergonomic}
   size_t MinHeapSize                              = 8388608                                   {product} {ergonomic}
    uintx NonNMethodCodeHeapSize                   = 5839372                                {pd product} {ergonomic}
    uintx NonProfiledCodeHeapSize                  = 122909434                              {pd product} {ergonomic}
    uintx ProfiledCodeHeapSize                     = 122909434                              {pd product} {ergonomic}
    uintx ReservedCodeCacheSize                    = 251658240                              {pd product} {ergonomic}
     bool SegmentedCodeCache                       = true                                      {product} {ergonomic}
   size_t SoftMaxHeapSize                          = 4213178368                             {manageable} {ergonomic}
     bool UseCompressedOops                        = true                           {product lp64_product} {ergonomic}
     bool UseG1GC                                  = true                                      {product} {ergonomic}
     bool UseLargePagesIndividualAllocation        = false                                  {pd product} {ergonomic}

Logging:
Log output configuration:
 #0: stdout all=warning uptime,level,tags foldmultilines=false
 #1: stderr all=off uptime,level,tags foldmultilines=false

Environment Variables:
PATH=C:\Program Files (x86)\Common Files\Oracle\Java\javapath;C:\WINDOWS\system32;C:\WINDOWS;C:\WINDOWS\System32\Wbem;C:\WINDOWS\System32\WindowsPowerShell\v1.0\;C:\WINDOWS\System32\OpenSSH\;C:\Program Files (x86)\NVIDIA Corporation\PhysX\Common;C:\Program Files\NVIDIA Corporation\NVIDIA NvDLISR;C:\Program Files\Git\cmd;D:\node js\;D:\node js;C:\Program Files\dotnet\;C:\Users\clique\AppData\Local\Programs\Python\Launcher\;C:\Users\clique\scoop\shims;C:\Users\clique\AppData\Local\Microsoft\WindowsApps;C:\Users\clique\AppData\Local\Programs\Microsoft VS Code\bin;C:\Users\clique\AppData\Roaming\npm;C:\Users\clique\.dotnet\tools;E:\NeoVim\bin;C:\Users\clique\AppData\Local\JetBrains\Toolbox\scripts;;E:\MidnightCommander\Midnight Commander
USERNAME=clique
OS=Windows_NT
PROCESSOR_IDENTIFIER=Intel64 Family 6 Model 154 Stepping 3, GenuineIntel
TMP=C:\Users\clique\AppData\Local\Temp
TEMP=C:\Users\clique\AppData\Local\Temp




Periodic native trim disabled

---------------  S Y S T E M  ---------------

OS:
 Windows 11 , 64 bit Build 22621 (10.0.22621.3527)
OS uptime: 1 days 23:55 hours

CPU: total 12 (initial active 12) (6 cores per cpu, 2 threads per core) family 6 model 154 stepping 3 microcode 0x423, cx8, cmov, fxsr, ht, mmx, 3dnowpref, sse, sse2, sse3, ssse3, sse4.1, sse4.2, popcnt, lzcnt, tsc, tscinvbit, avx, avx2, aes, erms, clmul, bmi1, bmi2, adx, sha, fma, vzeroupper, clflush, clflushopt, clwb, serialize, rdtscp, rdpid, fsrm, f16c, pku, cet_ibt, cet_ss
Processor Information for processor 0
  Max Mhz: 2500, Current Mhz: 2500, Mhz Limit: 2500
Processor Information for processor 1
  Max Mhz: 2500, Current Mhz: 2500, Mhz Limit: 2500
Processor Information for processor 2
  Max Mhz: 2500, Current Mhz: 2500, Mhz Limit: 2500
Processor Information for processor 3
  Max Mhz: 2500, Current Mhz: 2500, Mhz Limit: 2500
Processor Information for processor 4
  Max Mhz: 2500, Current Mhz: 2500, Mhz Limit: 2500
Processor Information for processor 5
  Max Mhz: 2500, Current Mhz: 2500, Mhz Limit: 2500
Processor Information for processor 6
  Max Mhz: 2500, Current Mhz: 2500, Mhz Limit: 2500
Processor Information for processor 7
  Max Mhz: 2500, Current Mhz: 2500, Mhz Limit: 2500
Processor Information for processor 8
  Max Mhz: 2500, Current Mhz: 1875, Mhz Limit: 1875
Processor Information for processor 9
  Max Mhz: 2500, Current Mhz: 1875, Mhz Limit: 1875
Processor Information for processor 10
  Max Mhz: 2500, Current Mhz: 1875, Mhz Limit: 1875
Processor Information for processor 11
  Max Mhz: 2500, Current Mhz: 1875, Mhz Limit: 1875

Memory: 4k page, system-wide physical 16070M (616M free)
TotalPageFile size 28936M (AvailPageFile size 3491M)
current process WorkingSet (physical memory assigned to process): 181M, peak: 232M
current process commit charge ("private bytes"): 565M, peak: 634M

vm_info: OpenJDK 64-Bit Server VM (21.0.2+13-58) for windows-amd64 JRE (21.0.2+13-58), built on 2024-01-05T18:32:24Z by "mach5one" with MS VC++ 17.1 (VS2022)

END.
